+--------+--------+--------+--------+--------+--------+--------+--------+--------+--------+--------+--------+--------+--------+--------+--------+--------+--------+--------+--------+--------+--------+
| CYCLE  | FETCH  | DECODE | EXECUT | MEMORY | WRITE  |   r0   |   r1   |   r2   |   r3   |   r4   |   r5   |   r6   |   r7   |   r8   |   r9   |  r10   |  r11   |  r12   |  r13   |   sp   |   ra   |
+--------+--------+--------+--------+--------+--------+--------+--------+--------+--------+--------+--------+--------+--------+--------+--------+--------+--------+--------+--------+--------+--------+
|      1 | I1     |  ....  |  ....  |  ....  |  ....  |       0|       0|       0|       0|       0|       0|       0|       0|       0|       0|       0|       0|       0|       0|   186a0|       0|
|      2 | I2     | I1     |  ....  |  ....  |  ....  |       0|       0|       0|       0|       0|       0|       0|       0|       0|       0|       0|       0|       0|       0|   186a0|       0|
|      3 | I3     | I2     | I1     |  ....  |  ....  |       0|       0|       0|       0|       0|       0|       0|       0|       0|       0|       0|       0|       0|       0|   186a0|       0|
|      4 | I21    |  ....  |  ....  | I1     |  ....  |       0|       0|       0|       0|       0|       0|       0|       0|       0|       0|       0|       0|       0|       0|   186a0|       0|
|      5 | I22    | I21    |  ....  |  ....  | I1     |       0|       0|       0|       0|       0|       0|       0|       0|       0|       0|       0|       0|       0|       0|   186a0|       0|
|      6 | I23    | I22    | I21    |  ....  |  ....  |       0|       0|       0|       0|       0|       0|       0|       0|       0|       0|       0|       0|       0|       0|   186a0|       0|
|      7 |  ....  | I23    | I22    | I21    |  ....  |       0|       0|       0|       0|       0|       0|       0|       0|       0|       0|       0|       0|       0|       0|   186a0|       0|
|      8 | I2     |  ....  |  ....  |  ....  | I21    |       0|       0|       0|       0|       0|       0|       0|       0|       0|       0|       0|       0|       0|       0|   186a0|       0|
|      9 | I3     | I2     |  ....  |  ....  |  ....  |       0|       0|       0|       0|       0|       9|       0|       0|       0|       0|       0|       0|       0|       0|   186a0|       0|
|     10 | I4     | I3     | I2     |  ....  |  ....  |       0|       0|       0|       0|       0|       9|       0|       0|       0|       0|       0|       0|       0|       0|   186a0|       0|
|     11 | I3     |  ....  |  ....  | I2     |  ....  |       0|       0|       0|       0|       0|       9|       0|       0|       0|       0|       0|       0|       0|       0|   186a0|       0|
|     12 | I4     | I3     |  ....  |  ....  | I2     |       0|       0|       0|       0|       0|       9|       0|       0|       0|       0|       0|       0|       0|       0|   186a0|       0|
|     13 | I5     | I4     | I3     |  ....  |  ....  |       0|       0|       0|       0|       0|       9|       0|       0|       0|       0|       0|       0|       0|       0|   186a0|       0|
|     14 | I6     | I5     | I4     | I3     |  ....  |       0|       0|       0|       0|       0|       9|       0|       0|       0|       0|       0|       0|       0|       0|   186a0|       0|
|     15 | I6     | I5     |  ....  | I4     | I3     |       0|       0|       0|       0|       0|       9|       0|       0|       0|       0|       0|       0|       0|       0|   186a0|       0|
|     16 | I6     | I5     |  ....  |  ....  | I4     |       0|       0|       0|       0|       0|       9|       0|       0|       0|       0|       0|       0|       0|       0|   186a0|       0|
|     17 | I6     | I5     |  ....  |  ....  |  ....  |       0|       0|       0|       0|       0|       9|       0|       0|       0|       0|       0|       0|       0|       0|    fffc|       0|
|     18 | I7     | I6     | I5     |  ....  |  ....  |       0|       0|       0|       0|       0|       9|       0|       0|       0|       0|       0|       0|       0|       0|    fffc|       0|
|     19 | I8     | I7     | I6     | I5     |  ....  |       0|       0|       0|       0|       0|       9|       0|       0|       0|       0|       0|       0|       0|       0|    fffc|       0|
|     20 | I9     | I8     | I7     | I6     | I5     |       0|       0|       0|       0|       0|       9|       0|       0|       0|       0|       0|       0|       0|       0|    fffc|       0|
|     21 | I10    | I9     | I8     | I7     | I6     |       0|       0|       0|       0|       0|       9|       0|       0|       0|       0|       0|       0|       0|       0|    fffc|       0|
|     22 | I10    | I9     |  ....  | I8     | I7     |       0|       0|       0|       0|       0|       9|       0|       0|       0|       0|       0|       0|       0|       0|    fffc|       0|
|     23 | I10    | I9     |  ....  |  ....  | I8     |       0|       0|       0|       0|       0|       9|       0|       0|       0|       0|       0|       0|       0|       0|    fffc|       0|
|     24 | I10    | I9     |  ....  |  ....  |  ....  |   186a0|       0|       0|       0|       0|       9|       0|       0|       0|       0|       0|       0|       0|       0|    fffc|       0|
|     25 | I11    | I10    | I9     |  ....  |  ....  |   186a0|       0|       0|       0|       0|       9|       0|       0|       0|       0|       0|       0|       0|       0|    fffc|       0|
|     26 | I12    | I11    | I10    | I9     |  ....  |   186a0|       0|       0|       0|       0|       9|       0|       0|       0|       0|       0|       0|       0|       0|    fffc|       0|
|     27 | I12    | I11    |  ....  | I10    | I9     |   186a0|       0|       0|       0|       0|       9|       0|       0|       0|       0|       0|       0|       0|       0|    fffc|       0|
|     28 | I12    | I11    |  ....  |  ....  | I10    |   186a0|       0|       0|       0|       0|       9|       0|       0|       0|       0|       0|       0|       0|       0|    fffc|       0|
|     29 | I12    | I11    |  ....  |  ....  |  ....  |    7ffe|       0|       0|       0|       0|       9|       0|       0|       0|       0|       0|       0|       0|       0|    fffc|       0|
|     30 | I13    | I12    | I11    |  ....  |  ....  |    7ffe|       0|       0|       0|       0|       9|       0|       0|       0|       0|       0|       0|       0|       0|    fffc|       0|
|     31 | I14    | I13    | I12    | I11    |  ....  |    7ffe|       0|       0|       0|       0|       9|       0|       0|       0|       0|       0|       0|       0|       0|    fffc|       0|
|     32 | I14    | I13    |  ....  | I12    | I11    |    7ffe|       0|       0|       0|       0|       9|       0|       0|       0|       0|       0|       0|       0|       0|    fffc|       0|
|     33 | I14    | I13    |  ....  |  ....  | I12    |    7ffe|       0|       0|       0|       0|       9|       0|       0|       0|       0|       0|       0|       0|       0|    fffc|       0|
|     34 | I14    | I13    |  ....  |  ....  |  ....  |      58|       0|       0|       0|       0|       9|       0|       0|       0|       0|       0|       0|       0|       0|    fffc|       0|
|     35 | I15    | I14    | I13    |  ....  |  ....  |      58|       0|       0|       0|       0|       9|       0|       0|       0|       0|       0|       0|       0|       0|    fffc|       0|
|     36 | I16    | I15    | I14    | I13    |  ....  |      58|       0|       0|       0|       0|       9|       0|       0|       0|       0|       0|       0|       0|       0|    fffc|       0|
|     37 | I16    | I15    |  ....  | I14    | I13    |      58|       0|       0|       0|       0|       9|       0|       0|       0|       0|       0|       0|       0|       0|    fffc|       0|
|     38 | I16    | I15    |  ....  |  ....  | I14    |      58|       0|       0|       0|       0|       9|       0|       0|       0|       0|       0|       0|       0|       0|    fffc|       0|
|     39 | I16    | I15    |  ....  |  ....  |  ....  |      58|       0|       0|       0|       0|       9|       0|       0|       0|       0|       0|       0|       0|       0|    ffb4|       0|
|     40 | I17    | I16    | I15    |  ....  |  ....  |      58|       0|       0|       0|       0|       9|       0|       0|       0|       0|       0|       0|       0|       0|    ffb4|       0|
|     41 | I17    | I16    |  ....  | I15    |  ....  |      58|       0|       0|       0|       0|       9|       0|       0|       0|       0|       0|       0|       0|       0|    ffb4|       0|
|     42 | I17    | I16    |  ....  |  ....  | I15    |      58|       0|       0|       0|       0|       9|       0|       0|       0|       0|       0|       0|       0|       0|    ffb4|       0|
|     43 | I17    | I16    |  ....  |  ....  |  ....  |      58|       0|       0|       0|       0|       9|       0|       0|       0|       0|       0|       0|       0|       0|    fffc|       0|
|     44 | I18    | I17    | I16    |  ....  |  ....  |      58|       0|       0|       0|       0|       9|       0|       0|       0|       0|       0|       0|       0|       0|    fffc|       0|
|     45 | I19    | I18    | I17    | I16    |  ....  |      58|       0|       0|       0|       0|       9|       0|       0|       0|       0|       0|       0|       0|       0|    fffc|       0|
|     46 | I20    | I19    | I18    | I17    | I16    |      58|       0|       0|       0|       0|       9|       0|       0|       0|       0|       0|       0|       0|       0|    fffc|       0|
|     47 | I21    | I20    | I19    | I18    | I17    |      58|       0|       0|       0|       0|       9|       0|       0|       0|       0|       0|       0|       0|       0|    fffc|       0|
|     48 | I22    | I21    | I20    | I19    | I18    |      58|       0|       0|       0|       0|       9|       0|       0|       0|       0|       0|       0|       0|       0|    fffc|       0|
|     49 | I23    |  ....  |  ....  | I20    | I19    |      58|       0|       0|       0|       0|       9|       0|       0|       0|       0|       0|       0|       0|       0|    fffc|       0|
|     50 |  ....  | I23    |  ....  |  ....  | I20    |      58|       0|       0|       0|       0|       9|       0|       0|       0|       0|       0|       0|       0|       0|   186a0|       0|
|     51 |  ....  |  ....  | I23    |  ....  |  ....  |      58|       0|       0|       0|       0|       9|       0|       0|       0|       0|       0|       0|       0|       0|   186a0|       0|
|     52 |  ....  |  ....  |  ....  | I23    |  ....  |      58|       0|       0|       0|       0|       9|       0|       0|       0|       0|       0|       0|       0|       0|   186a0|       0|
|     53 |  ....  |  ....  |  ....  |  ....  | I23    |      58|       0|       0|       0|       0|       9|       0|       0|       0|       0|       0|       0|       0|       0|   186a0|       0|
+--------+--------+--------+--------+--------+--------+--------+--------+--------+--------+--------+--------+--------+--------+--------+--------+--------+--------+--------+--------+--------+--------+
|           Register Values at Termination            |      58|       0|       0|       0|       0|       9|       0|       0|       0|       0|       0|       0|       0|       0|   186a0|       0|
+--------+--------+--------+--------+--------+--------+--------+--------+--------+--------+--------+--------+--------+--------+--------+--------+--------+--------+--------+--------+--------+--------+
